build/app/intermediates/manifest_merge_blame_file/release/manifest-merger-blame-release-report.txt
1<?xml version="1.0" encoding="utf-8"?>
2<manifest xmlns:android="http://schemas.android.com/apk/res/android"
3    package="com.example.kissan_konnect"
4    android:versionCode="4001"
5    android:versionName="1.0.0" >
6
7    <uses-sdk
8        android:minSdkVersion="21"
8-->src/main/AndroidManifest.xml
9        android:targetSdkVersion="34" />
9-->src/main/AndroidManifest.xml
10
11    <!-- Permissions -->
12    <uses-permission android:name="android.permission.CAMERA" />
12-->src/main/AndroidManifest.xml:5:5-64
12-->src/main/AndroidManifest.xml:5:22-62
13    <uses-permission android:name="android.permission.WRITE_EXTERNAL_STORAGE" />
13-->src/main/AndroidManifest.xml:6:5-80
13-->src/main/AndroidManifest.xml:6:22-78
14    <uses-permission android:name="android.permission.READ_EXTERNAL_STORAGE" />
14-->src/main/AndroidManifest.xml:7:5-79
14-->src/main/AndroidManifest.xml:7:22-77
15
16    <!-- Required for querying activities that can process text -->
17    <queries>
17-->src/main/AndroidManifest.xml:45:5-50:15
18        <intent>
18-->src/main/AndroidManifest.xml:46:9-49:18
19            <action android:name="android.intent.action.PROCESS_TEXT" />
19-->src/main/AndroidManifest.xml:47:13-72
19-->src/main/AndroidManifest.xml:47:21-70
20
21            <data android:mimeType="text/plain" />
21-->src/main/AndroidManifest.xml:48:13-50
21-->src/main/AndroidManifest.xml:48:19-48
22        </intent>
23        <intent>
23-->[:file_picker] AndroidManifest.xml:12:9-16:18
24            <action android:name="android.intent.action.GET_CONTENT" />
24-->[:file_picker] AndroidManifest.xml:13:13-72
24-->[:file_picker] AndroidManifest.xml:13:21-69
25
26            <data android:mimeType="*/*" />
26-->src/main/AndroidManifest.xml:48:13-50
26-->src/main/AndroidManifest.xml:48:19-48
27        </intent>
28    </queries>
29
30    <uses-permission android:name="android.permission.RECORD_AUDIO" />
30-->[:camera_android] AndroidManifest.xml:10:5-71
30-->[:camera_android] AndroidManifest.xml:10:22-68
31    <uses-permission android:name="android.permission.INTERNET" />
31-->[com.google.firebase:firebase-auth:22.3.0] AndroidManifest.xml:25:5-67
31-->[com.google.firebase:firebase-auth:22.3.0] AndroidManifest.xml:25:22-64
32    <uses-permission android:name="android.permission.ACCESS_NETWORK_STATE" />
32-->[com.google.firebase:firebase-auth:22.3.0] AndroidManifest.xml:26:5-79
32-->[com.google.firebase:firebase-auth:22.3.0] AndroidManifest.xml:26:22-76
33
34    <permission
34-->[androidx.core:core:1.13.1] AndroidManifest.xml:22:5-24:47
35        android:name="com.example.kissan_konnect.DYNAMIC_RECEIVER_NOT_EXPORTED_PERMISSION"
35-->[androidx.core:core:1.13.1] AndroidManifest.xml:23:9-81
36        android:protectionLevel="signature" />
36-->[androidx.core:core:1.13.1] AndroidManifest.xml:24:9-44
37
38    <uses-permission android:name="com.example.kissan_konnect.DYNAMIC_RECEIVER_NOT_EXPORTED_PERMISSION" />
38-->[androidx.core:core:1.13.1] AndroidManifest.xml:26:5-97
38-->[androidx.core:core:1.13.1] AndroidManifest.xml:26:22-94
39
40    <application
41        android:name="android.app.Application"
41-->src/main/AndroidManifest.xml:11:9-42
42        android:appComponentFactory="androidx.core.app.CoreComponentFactory"
42-->[androidx.core:core:1.13.1] AndroidManifest.xml:28:18-86
43        android:icon="@mipmap/ic_launcher"
43-->src/main/AndroidManifest.xml:12:9-43
44        android:label="kissan_konnect" >
44-->src/main/AndroidManifest.xml:10:9-39
45
46        <!-- Main Activity -->
47        <activity
47-->src/main/AndroidManifest.xml:15:9-35:20
48            android:name="com.example.kissan_konnect.MainActivity"
48-->src/main/AndroidManifest.xml:16:13-41
49            android:configChanges="orientation|keyboardHidden|keyboard|screenSize|smallestScreenSize|locale|layoutDirection|fontScale|screenLayout|density|uiMode"
49-->src/main/AndroidManifest.xml:21:13-163
50            android:exported="true"
50-->src/main/AndroidManifest.xml:17:13-36
51            android:hardwareAccelerated="true"
51-->src/main/AndroidManifest.xml:22:13-47
52            android:launchMode="singleTop"
52-->src/main/AndroidManifest.xml:18:13-43
53            android:taskAffinity=""
53-->src/main/AndroidManifest.xml:19:13-36
54            android:theme="@style/LaunchTheme"
54-->src/main/AndroidManifest.xml:20:13-47
55            android:windowSoftInputMode="adjustResize" >
55-->src/main/AndroidManifest.xml:23:13-55
56
57            <!-- Flutter theme -->
58            <meta-data
58-->src/main/AndroidManifest.xml:26:13-28:54
59                android:name="io.flutter.embedding.android.NormalTheme"
59-->src/main/AndroidManifest.xml:27:15-70
60                android:resource="@style/NormalTheme" />
60-->src/main/AndroidManifest.xml:28:15-52
61
62            <!-- Main Activity Intent Filter -->
63            <intent-filter>
63-->src/main/AndroidManifest.xml:31:13-34:29
64                <action android:name="android.intent.action.MAIN" />
64-->src/main/AndroidManifest.xml:32:17-68
64-->src/main/AndroidManifest.xml:32:25-66
65
66                <category android:name="android.intent.category.LAUNCHER" />
66-->src/main/AndroidManifest.xml:33:17-76
66-->src/main/AndroidManifest.xml:33:27-74
67            </intent-filter>
68        </activity>
69
70        <!-- Meta-data for Flutter -->
71        <meta-data
71-->src/main/AndroidManifest.xml:38:9-40:32
72            android:name="flutterEmbedding"
72-->src/main/AndroidManifest.xml:39:13-44
73            android:value="2" />
73-->src/main/AndroidManifest.xml:40:13-30
74
75        <service
75-->[:cloud_firestore] AndroidManifest.xml:10:9-14:19
76            android:name="com.google.firebase.components.ComponentDiscoveryService"
76-->[:cloud_firestore] AndroidManifest.xml:10:18-89
77            android:directBootAware="true"
77-->[com.google.firebase:firebase-common:20.4.2] AndroidManifest.xml:32:13-43
78            android:exported="false" >
78-->[com.google.firebase:firebase-auth:22.3.0] AndroidManifest.xml:68:13-37
79            <meta-data
79-->[:cloud_firestore] AndroidManifest.xml:11:13-13:85
80                android:name="com.google.firebase.components:io.flutter.plugins.firebase.firestore.FlutterFirebaseFirestoreRegistrar"
80-->[:cloud_firestore] AndroidManifest.xml:12:17-134
81                android:value="com.google.firebase.components.ComponentRegistrar" />
81-->[:cloud_firestore] AndroidManifest.xml:13:17-82
82            <meta-data
82-->[:firebase_app_check] AndroidManifest.xml:11:13-13:85
83                android:name="com.google.firebase.components:io.flutter.plugins.firebase.appcheck.FlutterFirebaseAppRegistrar"
83-->[:firebase_app_check] AndroidManifest.xml:12:17-127
84                android:value="com.google.firebase.components.ComponentRegistrar" />
84-->[:firebase_app_check] AndroidManifest.xml:13:17-82
85            <meta-data
85-->[:firebase_auth] AndroidManifest.xml:11:13-13:85
86                android:name="com.google.firebase.components:io.flutter.plugins.firebase.auth.FlutterFirebaseAuthRegistrar"
86-->[:firebase_auth] AndroidManifest.xml:12:17-124
87                android:value="com.google.firebase.components.ComponentRegistrar" />
87-->[:firebase_auth] AndroidManifest.xml:13:17-82
88            <meta-data
88-->[:firebase_database] AndroidManifest.xml:11:13-13:85
89                android:name="com.google.firebase.components:io.flutter.plugins.firebase.database.FlutterFirebaseAppRegistrar"
89-->[:firebase_database] AndroidManifest.xml:12:17-127
90                android:value="com.google.firebase.components.ComponentRegistrar" />
90-->[:firebase_database] AndroidManifest.xml:13:17-82
91            <meta-data
91-->[:firebase_storage] AndroidManifest.xml:11:13-13:85
92                android:name="com.google.firebase.components:io.flutter.plugins.firebase.storage.FlutterFirebaseAppRegistrar"
92-->[:firebase_storage] AndroidManifest.xml:12:17-126
93                android:value="com.google.firebase.components.ComponentRegistrar" />
93-->[:firebase_storage] AndroidManifest.xml:13:17-82
94            <meta-data
94-->[:firebase_core] AndroidManifest.xml:11:13-13:85
95                android:name="com.google.firebase.components:io.flutter.plugins.firebase.core.FlutterFirebaseCoreRegistrar"
95-->[:firebase_core] AndroidManifest.xml:12:17-124
96                android:value="com.google.firebase.components.ComponentRegistrar" />
96-->[:firebase_core] AndroidManifest.xml:13:17-82
97            <meta-data
97-->[com.google.firebase:firebase-auth:22.3.0] AndroidManifest.xml:69:13-71:85
98                android:name="com.google.firebase.components:com.google.firebase.auth.FirebaseAuthRegistrar"
98-->[com.google.firebase:firebase-auth:22.3.0] AndroidManifest.xml:70:17-109
99                android:value="com.google.firebase.components.ComponentRegistrar" />
99-->[com.google.firebase:firebase-auth:22.3.0] AndroidManifest.xml:71:17-82
100            <meta-data
100-->[com.google.firebase:firebase-appcheck-safetynet:16.1.2] AndroidManifest.xml:27:13-29:85
101                android:name="com.google.firebase.components:com.google.firebase.appcheck.safetynet.FirebaseAppCheckSafetyNetRegistrar"
101-->[com.google.firebase:firebase-appcheck-safetynet:16.1.2] AndroidManifest.xml:28:17-136
102                android:value="com.google.firebase.components.ComponentRegistrar" />
102-->[com.google.firebase:firebase-appcheck-safetynet:16.1.2] AndroidManifest.xml:29:17-82
103            <meta-data
103-->[com.google.firebase:firebase-appcheck-debug:17.1.1] AndroidManifest.xml:25:13-27:85
104                android:name="com.google.firebase.components:com.google.firebase.appcheck.debug.FirebaseAppCheckDebugRegistrar"
104-->[com.google.firebase:firebase-appcheck-debug:17.1.1] AndroidManifest.xml:26:17-128
105                android:value="com.google.firebase.components.ComponentRegistrar" />
105-->[com.google.firebase:firebase-appcheck-debug:17.1.1] AndroidManifest.xml:27:17-82
106            <meta-data
106-->[com.google.firebase:firebase-firestore:24.9.1] AndroidManifest.xml:17:13-19:85
107                android:name="com.google.firebase.components:com.google.firebase.firestore.FirebaseFirestoreKtxRegistrar"
107-->[com.google.firebase:firebase-firestore:24.9.1] AndroidManifest.xml:18:17-122
108                android:value="com.google.firebase.components.ComponentRegistrar" />
108-->[com.google.firebase:firebase-firestore:24.9.1] AndroidManifest.xml:19:17-82
109            <meta-data
109-->[com.google.firebase:firebase-firestore:24.9.1] AndroidManifest.xml:20:13-22:85
110                android:name="com.google.firebase.components:com.google.firebase.firestore.FirestoreRegistrar"
110-->[com.google.firebase:firebase-firestore:24.9.1] AndroidManifest.xml:21:17-111
111                android:value="com.google.firebase.components.ComponentRegistrar" />
111-->[com.google.firebase:firebase-firestore:24.9.1] AndroidManifest.xml:22:17-82
112            <meta-data
112-->[com.google.firebase:firebase-appcheck-playintegrity:17.1.1] AndroidManifest.xml:25:13-27:85
113                android:name="com.google.firebase.components:com.google.firebase.appcheck.playintegrity.FirebaseAppCheckPlayIntegrityRegistrar"
113-->[com.google.firebase:firebase-appcheck-playintegrity:17.1.1] AndroidManifest.xml:26:17-144
114                android:value="com.google.firebase.components.ComponentRegistrar" />
114-->[com.google.firebase:firebase-appcheck-playintegrity:17.1.1] AndroidManifest.xml:27:17-82
115            <meta-data
115-->[com.google.firebase:firebase-storage:20.3.0] AndroidManifest.xml:30:13-32:85
116                android:name="com.google.firebase.components:com.google.firebase.storage.FirebaseStorageKtxRegistrar"
116-->[com.google.firebase:firebase-storage:20.3.0] AndroidManifest.xml:31:17-118
117                android:value="com.google.firebase.components.ComponentRegistrar" />
117-->[com.google.firebase:firebase-storage:20.3.0] AndroidManifest.xml:32:17-82
118            <meta-data
118-->[com.google.firebase:firebase-storage:20.3.0] AndroidManifest.xml:33:13-35:85
119                android:name="com.google.firebase.components:com.google.firebase.storage.StorageRegistrar"
119-->[com.google.firebase:firebase-storage:20.3.0] AndroidManifest.xml:34:17-107
120                android:value="com.google.firebase.components.ComponentRegistrar" />
120-->[com.google.firebase:firebase-storage:20.3.0] AndroidManifest.xml:35:17-82
121            <meta-data
121-->[com.google.firebase:firebase-database:20.3.0] AndroidManifest.xml:29:13-31:85
122                android:name="com.google.firebase.components:com.google.firebase.database.FirebaseDatabaseKtxRegistrar"
122-->[com.google.firebase:firebase-database:20.3.0] AndroidManifest.xml:30:17-120
123                android:value="com.google.firebase.components.ComponentRegistrar" />
123-->[com.google.firebase:firebase-database:20.3.0] AndroidManifest.xml:31:17-82
124            <meta-data
124-->[com.google.firebase:firebase-database:20.3.0] AndroidManifest.xml:32:13-34:85
125                android:name="com.google.firebase.components:com.google.firebase.database.DatabaseRegistrar"
125-->[com.google.firebase:firebase-database:20.3.0] AndroidManifest.xml:33:17-109
126                android:value="com.google.firebase.components.ComponentRegistrar" />
126-->[com.google.firebase:firebase-database:20.3.0] AndroidManifest.xml:34:17-82
127            <meta-data
127-->[com.google.firebase:firebase-appcheck:17.1.1] AndroidManifest.xml:25:13-27:85
128                android:name="com.google.firebase.components:com.google.firebase.appcheck.FirebaseAppCheckKtxRegistrar"
128-->[com.google.firebase:firebase-appcheck:17.1.1] AndroidManifest.xml:26:17-120
129                android:value="com.google.firebase.components.ComponentRegistrar" />
129-->[com.google.firebase:firebase-appcheck:17.1.1] AndroidManifest.xml:27:17-82
130            <meta-data
130-->[com.google.firebase:firebase-appcheck:17.1.1] AndroidManifest.xml:28:13-30:85
131                android:name="com.google.firebase.components:com.google.firebase.appcheck.FirebaseAppCheckRegistrar"
131-->[com.google.firebase:firebase-appcheck:17.1.1] AndroidManifest.xml:29:17-117
132                android:value="com.google.firebase.components.ComponentRegistrar" />
132-->[com.google.firebase:firebase-appcheck:17.1.1] AndroidManifest.xml:30:17-82
133            <meta-data
133-->[com.google.firebase:firebase-common-ktx:20.4.2] AndroidManifest.xml:12:13-14:85
134                android:name="com.google.firebase.components:com.google.firebase.ktx.FirebaseCommonLegacyRegistrar"
134-->[com.google.firebase:firebase-common-ktx:20.4.2] AndroidManifest.xml:13:17-116
135                android:value="com.google.firebase.components.ComponentRegistrar" />
135-->[com.google.firebase:firebase-common-ktx:20.4.2] AndroidManifest.xml:14:17-82
136            <meta-data
136-->[com.google.firebase:firebase-common:20.4.2] AndroidManifest.xml:35:13-37:85
137                android:name="com.google.firebase.components:com.google.firebase.FirebaseCommonKtxRegistrar"
137-->[com.google.firebase:firebase-common:20.4.2] AndroidManifest.xml:36:17-109
138                android:value="com.google.firebase.components.ComponentRegistrar" />
138-->[com.google.firebase:firebase-common:20.4.2] AndroidManifest.xml:37:17-82
139        </service>
140
141        <provider
141-->[:image_picker_android] AndroidManifest.xml:11:9-19:20
142            android:name="io.flutter.plugins.imagepicker.ImagePickerFileProvider"
142-->[:image_picker_android] AndroidManifest.xml:12:13-82
143            android:authorities="com.example.kissan_konnect.flutter.image_provider"
143-->[:image_picker_android] AndroidManifest.xml:13:13-74
144            android:exported="false"
144-->[:image_picker_android] AndroidManifest.xml:14:13-37
145            android:grantUriPermissions="true" >
145-->[:image_picker_android] AndroidManifest.xml:15:13-47
146            <meta-data
146-->[:image_picker_android] AndroidManifest.xml:16:13-18:75
147                android:name="android.support.FILE_PROVIDER_PATHS"
147-->[:image_picker_android] AndroidManifest.xml:17:17-67
148                android:resource="@xml/flutter_image_picker_file_paths" />
148-->[:image_picker_android] AndroidManifest.xml:18:17-72
149        </provider> <!-- Trigger Google Play services to install the backported photo picker module. -->
150        <service
150-->[:image_picker_android] AndroidManifest.xml:21:9-33:19
151            android:name="com.google.android.gms.metadata.ModuleDependencies"
151-->[:image_picker_android] AndroidManifest.xml:22:13-78
152            android:enabled="false"
152-->[:image_picker_android] AndroidManifest.xml:23:13-36
153            android:exported="false" >
153-->[:image_picker_android] AndroidManifest.xml:24:13-37
154            <intent-filter>
154-->[:image_picker_android] AndroidManifest.xml:26:13-28:29
155                <action android:name="com.google.android.gms.metadata.MODULE_DEPENDENCIES" />
155-->[:image_picker_android] AndroidManifest.xml:27:17-94
155-->[:image_picker_android] AndroidManifest.xml:27:25-91
156            </intent-filter>
157
158            <meta-data
158-->[:image_picker_android] AndroidManifest.xml:30:13-32:36
159                android:name="photopicker_activity:0:required"
159-->[:image_picker_android] AndroidManifest.xml:31:17-63
160                android:value="" />
160-->[:image_picker_android] AndroidManifest.xml:32:17-33
161        </service>
162        <service
162-->[:geolocator_android] AndroidManifest.xml:10:9-14:56
163            android:name="com.baseflow.geolocator.GeolocatorLocationService"
163-->[:geolocator_android] AndroidManifest.xml:11:13-77
164            android:enabled="true"
164-->[:geolocator_android] AndroidManifest.xml:12:13-35
165            android:exported="false"
165-->[:geolocator_android] AndroidManifest.xml:13:13-37
166            android:foregroundServiceType="location" />
166-->[:geolocator_android] AndroidManifest.xml:14:13-53
167
168        <activity
168-->[:url_launcher_android] AndroidManifest.xml:10:9-13:74
169            android:name="io.flutter.plugins.urllauncher.WebViewActivity"
169-->[:url_launcher_android] AndroidManifest.xml:11:13-74
170            android:exported="false"
170-->[:url_launcher_android] AndroidManifest.xml:12:13-37
171            android:theme="@android:style/Theme.NoTitleBar.Fullscreen" />
171-->[:url_launcher_android] AndroidManifest.xml:13:13-71
172        <activity
172-->[com.google.firebase:firebase-auth:22.3.0] AndroidManifest.xml:29:9-46:20
173            android:name="com.google.firebase.auth.internal.GenericIdpActivity"
173-->[com.google.firebase:firebase-auth:22.3.0] AndroidManifest.xml:30:13-80
174            android:excludeFromRecents="true"
174-->[com.google.firebase:firebase-auth:22.3.0] AndroidManifest.xml:31:13-46
175            android:exported="true"
175-->[com.google.firebase:firebase-auth:22.3.0] AndroidManifest.xml:32:13-36
176            android:launchMode="singleTask"
176-->[com.google.firebase:firebase-auth:22.3.0] AndroidManifest.xml:33:13-44
177            android:theme="@android:style/Theme.Translucent.NoTitleBar" >
177-->[com.google.firebase:firebase-auth:22.3.0] AndroidManifest.xml:34:13-72
178            <intent-filter>
178-->[com.google.firebase:firebase-auth:22.3.0] AndroidManifest.xml:35:13-45:29
179                <action android:name="android.intent.action.VIEW" />
179-->[com.google.firebase:firebase-auth:22.3.0] AndroidManifest.xml:36:17-69
179-->[com.google.firebase:firebase-auth:22.3.0] AndroidManifest.xml:36:25-66
180
181                <category android:name="android.intent.category.DEFAULT" />
181-->[com.google.firebase:firebase-auth:22.3.0] AndroidManifest.xml:38:17-76
181-->[com.google.firebase:firebase-auth:22.3.0] AndroidManifest.xml:38:27-73
182                <category android:name="android.intent.category.BROWSABLE" />
182-->[com.google.firebase:firebase-auth:22.3.0] AndroidManifest.xml:39:17-78
182-->[com.google.firebase:firebase-auth:22.3.0] AndroidManifest.xml:39:27-75
183
184                <data
184-->src/main/AndroidManifest.xml:48:13-50
185                    android:host="firebase.auth"
186                    android:path="/"
187                    android:scheme="genericidp" />
188            </intent-filter>
189        </activity>
190        <activity
190-->[com.google.firebase:firebase-auth:22.3.0] AndroidManifest.xml:47:9-64:20
191            android:name="com.google.firebase.auth.internal.RecaptchaActivity"
191-->[com.google.firebase:firebase-auth:22.3.0] AndroidManifest.xml:48:13-79
192            android:excludeFromRecents="true"
192-->[com.google.firebase:firebase-auth:22.3.0] AndroidManifest.xml:49:13-46
193            android:exported="true"
193-->[com.google.firebase:firebase-auth:22.3.0] AndroidManifest.xml:50:13-36
194            android:launchMode="singleTask"
194-->[com.google.firebase:firebase-auth:22.3.0] AndroidManifest.xml:51:13-44
195            android:theme="@android:style/Theme.Translucent.NoTitleBar" >
195-->[com.google.firebase:firebase-auth:22.3.0] AndroidManifest.xml:52:13-72
196            <intent-filter>
196-->[com.google.firebase:firebase-auth:22.3.0] AndroidManifest.xml:53:13-63:29
197                <action android:name="android.intent.action.VIEW" />
197-->[com.google.firebase:firebase-auth:22.3.0] AndroidManifest.xml:36:17-69
197-->[com.google.firebase:firebase-auth:22.3.0] AndroidManifest.xml:36:25-66
198
199                <category android:name="android.intent.category.DEFAULT" />
199-->[com.google.firebase:firebase-auth:22.3.0] AndroidManifest.xml:38:17-76
199-->[com.google.firebase:firebase-auth:22.3.0] AndroidManifest.xml:38:27-73
200                <category android:name="android.intent.category.BROWSABLE" />
200-->[com.google.firebase:firebase-auth:22.3.0] AndroidManifest.xml:39:17-78
200-->[com.google.firebase:firebase-auth:22.3.0] AndroidManifest.xml:39:27-75
201
202                <data
202-->src/main/AndroidManifest.xml:48:13-50
203                    android:host="firebase.auth"
204                    android:path="/"
205                    android:scheme="recaptcha" />
206            </intent-filter>
207        </activity>
208        <activity
208-->[com.google.android.gms:play-services-base:18.3.0] AndroidManifest.xml:20:9-22:45
209            android:name="com.google.android.gms.common.api.GoogleApiActivity"
209-->[com.google.android.gms:play-services-base:18.3.0] AndroidManifest.xml:20:19-85
210            android:exported="false"
210-->[com.google.android.gms:play-services-base:18.3.0] AndroidManifest.xml:22:19-43
211            android:theme="@android:style/Theme.Translucent.NoTitleBar" />
211-->[com.google.android.gms:play-services-base:18.3.0] AndroidManifest.xml:21:19-78
212
213        <provider
213-->[com.google.firebase:firebase-common:20.4.2] AndroidManifest.xml:23:9-28:39
214            android:name="com.google.firebase.provider.FirebaseInitProvider"
214-->[com.google.firebase:firebase-common:20.4.2] AndroidManifest.xml:24:13-77
215            android:authorities="com.example.kissan_konnect.firebaseinitprovider"
215-->[com.google.firebase:firebase-common:20.4.2] AndroidManifest.xml:25:13-72
216            android:directBootAware="true"
216-->[com.google.firebase:firebase-common:20.4.2] AndroidManifest.xml:26:13-43
217            android:exported="false"
217-->[com.google.firebase:firebase-common:20.4.2] AndroidManifest.xml:27:13-37
218            android:initOrder="100" />
218-->[com.google.firebase:firebase-common:20.4.2] AndroidManifest.xml:28:13-36
219        <provider
219-->[androidx.lifecycle:lifecycle-process:2.7.0] AndroidManifest.xml:24:9-32:20
220            android:name="androidx.startup.InitializationProvider"
220-->[androidx.lifecycle:lifecycle-process:2.7.0] AndroidManifest.xml:25:13-67
221            android:authorities="com.example.kissan_konnect.androidx-startup"
221-->[androidx.lifecycle:lifecycle-process:2.7.0] AndroidManifest.xml:26:13-68
222            android:exported="false" >
222-->[androidx.lifecycle:lifecycle-process:2.7.0] AndroidManifest.xml:27:13-37
223            <meta-data
223-->[androidx.lifecycle:lifecycle-process:2.7.0] AndroidManifest.xml:29:13-31:52
224                android:name="androidx.lifecycle.ProcessLifecycleInitializer"
224-->[androidx.lifecycle:lifecycle-process:2.7.0] AndroidManifest.xml:30:17-78
225                android:value="androidx.startup" />
225-->[androidx.lifecycle:lifecycle-process:2.7.0] AndroidManifest.xml:31:17-49
226            <meta-data
226-->[androidx.profileinstaller:profileinstaller:1.3.1] AndroidManifest.xml:29:13-31:52
227                android:name="androidx.profileinstaller.ProfileInstallerInitializer"
227-->[androidx.profileinstaller:profileinstaller:1.3.1] AndroidManifest.xml:30:17-85
228                android:value="androidx.startup" />
228-->[androidx.profileinstaller:profileinstaller:1.3.1] AndroidManifest.xml:31:17-49
229        </provider>
230
231        <uses-library
231-->[androidx.window:window:1.2.0] AndroidManifest.xml:23:9-25:40
232            android:name="androidx.window.extensions"
232-->[androidx.window:window:1.2.0] AndroidManifest.xml:24:13-54
233            android:required="false" />
233-->[androidx.window:window:1.2.0] AndroidManifest.xml:25:13-37
234        <uses-library
234-->[androidx.window:window:1.2.0] AndroidManifest.xml:26:9-28:40
235            android:name="androidx.window.sidecar"
235-->[androidx.window:window:1.2.0] AndroidManifest.xml:27:13-51
236            android:required="false" />
236-->[androidx.window:window:1.2.0] AndroidManifest.xml:28:13-37
237
238        <meta-data
238-->[com.google.android.gms:play-services-basement:18.3.0] AndroidManifest.xml:21:9-23:69
239            android:name="com.google.android.gms.version"
239-->[com.google.android.gms:play-services-basement:18.3.0] AndroidManifest.xml:22:13-58
240            android:value="@integer/google_play_services_version" />
240-->[com.google.android.gms:play-services-basement:18.3.0] AndroidManifest.xml:23:13-66
241
242        <receiver
242-->[androidx.profileinstaller:profileinstaller:1.3.1] AndroidManifest.xml:34:9-52:20
243            android:name="androidx.profileinstaller.ProfileInstallReceiver"
243-->[androidx.profileinstaller:profileinstaller:1.3.1] AndroidManifest.xml:35:13-76
244            android:directBootAware="false"
244-->[androidx.profileinstaller:profileinstaller:1.3.1] AndroidManifest.xml:36:13-44
245            android:enabled="true"
245-->[androidx.profileinstaller:profileinstaller:1.3.1] AndroidManifest.xml:37:13-35
246            android:exported="true"
246-->[androidx.profileinstaller:profileinstaller:1.3.1] AndroidManifest.xml:38:13-36
247            android:permission="android.permission.DUMP" >
247-->[androidx.profileinstaller:profileinstaller:1.3.1] AndroidManifest.xml:39:13-57
248            <intent-filter>
248-->[androidx.profileinstaller:profileinstaller:1.3.1] AndroidManifest.xml:40:13-42:29
249                <action android:name="androidx.profileinstaller.action.INSTALL_PROFILE" />
249-->[androidx.profileinstaller:profileinstaller:1.3.1] AndroidManifest.xml:41:17-91
249-->[androidx.profileinstaller:profileinstaller:1.3.1] AndroidManifest.xml:41:25-88
250            </intent-filter>
251            <intent-filter>
251-->[androidx.profileinstaller:profileinstaller:1.3.1] AndroidManifest.xml:43:13-45:29
252                <action android:name="androidx.profileinstaller.action.SKIP_FILE" />
252-->[androidx.profileinstaller:profileinstaller:1.3.1] AndroidManifest.xml:44:17-85
252-->[androidx.profileinstaller:profileinstaller:1.3.1] AndroidManifest.xml:44:25-82
253            </intent-filter>
254            <intent-filter>
254-->[androidx.profileinstaller:profileinstaller:1.3.1] AndroidManifest.xml:46:13-48:29
255                <action android:name="androidx.profileinstaller.action.SAVE_PROFILE" />
255-->[androidx.profileinstaller:profileinstaller:1.3.1] AndroidManifest.xml:47:17-88
255-->[androidx.profileinstaller:profileinstaller:1.3.1] AndroidManifest.xml:47:25-85
256            </intent-filter>
257            <intent-filter>
257-->[androidx.profileinstaller:profileinstaller:1.3.1] AndroidManifest.xml:49:13-51:29
258                <action android:name="androidx.profileinstaller.action.BENCHMARK_OPERATION" />
258-->[androidx.profileinstaller:profileinstaller:1.3.1] AndroidManifest.xml:50:17-95
258-->[androidx.profileinstaller:profileinstaller:1.3.1] AndroidManifest.xml:50:25-92
259            </intent-filter>
260        </receiver>
261    </application>
262
263</manifest>